 
****************************************
Report : timing
        -path full
        -delay min
        -max_paths 1
Design : uart
Version: O-2018.06-SP1
Date   : Tue Nov 28 17:22:40 2023
****************************************

Operating Conditions: ff1p16vn40c   Library: saed32lvt_ff1p16vn40c
Wire Load Model Mode: enclosed

  Startpoint: fifo_tx_unit/full_reg_reg
              (rising edge-triggered flip-flop clocked by clk)
  Endpoint: fifo_tx_unit/empty_reg_reg
            (rising edge-triggered flip-flop clocked by clk)
  Path Group: clk
  Path Type: min

  Des/Clust/Port     Wire Load Model       Library
  ------------------------------------------------
  uart               35000                 saed32hvt_ss0p75v125c

  Point                                                   Incr       Path
  --------------------------------------------------------------------------
  clock clk (rise edge)                                   0.00       0.00
  clock network delay (ideal)                             0.00       0.00
  fifo_tx_unit/full_reg_reg/CLK (DFFARX1_LVT)             0.00       0.00 r
  fifo_tx_unit/full_reg_reg/QN (DFFARX1_LVT)              0.03       0.03 r
  U264/Y (NAND2X0_LVT)                                    0.04       0.07 f
  U318/Y (AO22X1_LVT)                                     0.05       0.13 f
  fifo_tx_unit/empty_reg_reg/D (DFFASX2_HVT)              0.01       0.14 f
  data arrival time                                                  0.14

  clock clk (rise edge)                                   0.00       0.00
  clock network delay (ideal)                             0.00       0.00
  fifo_tx_unit/empty_reg_reg/CLK (DFFASX2_HVT)            0.00       0.00 r
  library hold time                                       0.20       0.20
  data required time                                                 0.20
  --------------------------------------------------------------------------
  data required time                                                 0.20
  data arrival time                                                 -0.14
  --------------------------------------------------------------------------
  slack (VIOLATED)                                                  -0.07


1
